[38;5;112m[Appium][0m Welcome to Appium v2.11.5
[38;5;112m[Appium][0m Non-default server args:
[38;5;112m[Appium][0m { basePath: [32m'/wd/hub'[39m, loglevel: [32m'info'[39m, port: [33m49313[39m }
[38;5;112m[Appium][0m Attempting to load driver uiautomator2...
[38;5;112m[Appium][0m Appium REST http interface listener started on http://0.0.0.0:49313/wd/hub
[38;5;112m[Appium][0m You can provide the following URLs in your client code to connect to this server:
	http://192.168.56.1:49313/wd/hub
	http://192.168.183.1:49313/wd/hub
	http://192.168.197.1:49313/wd/hub
	http://192.168.1.125:49313/wd/hub
	http://127.0.0.1:49313/wd/hub (only accessible from the same host)
[38;5;112m[Appium][0m Available drivers:
[38;5;112m[Appium][0m   - uiautomator2@3.8.0 (automationName 'UiAutomator2')
[38;5;112m[Appium][0m No plugins have been installed. Use the "appium plugin" command to install the one(s) you want to use.
[38;5;86m[HTTP][0m [37m-->[39m [37mGET[39m [37m/wd/hub/status[39m [90m{}[39m
[38;5;86m[HTTP][0m [37m<-- GET /wd/hub/status [39m[32m200[39m [90m12 ms - 111[39m [90m[39m
[38;5;86m[HTTP][0m [37m-->[39m [37mGET[39m [37m/wd/hub/status[39m [90m{}[39m
[38;5;86m[HTTP][0m [37m<-- GET /wd/hub/status [39m[32m200[39m [90m4 ms - 111[39m [90m[39m
[38;5;86m[HTTP][0m [37m-->[39m [37mPOST[39m [37m/wd/hub/session[39m [90m{"capabilities":{"firstMatch":[{"appium:app":"C:\\Users\\mohannad qaisy\\Downloads\\الرسائل.apk","appium:autoGrantPermissions":true,"appium:automationName":"uiautomator2","appium:deviceName":"Xiaomi 23049PCD8G (Android 14)","appium:fullReset":false,"appium:newCommandTimeout":1800,"appium:noReset":true,"appium:platformName":"ANDROID","appium:platformVersion":"14","appium:systemPort":49343,"appium:udid":"d424cf47","platformName":"ANDROID"}]},"desiredCapabilities":{"appium:app":"C:\\Users\\mohannad qaisy\\Downloads\\الرسائل.apk","appium:autoGrantPermissions":true,"appium:automationName":"uiautomator2","appium:deviceName":"Xiaomi 23049PCD8G (Android 14)","appium:fullReset":false,"appium:newCommandTimeout":1800,"appium:noReset":true,"appium:platformName":"ANDROID","appium:platformVersion":"14","appium:systemPort":49343,"appium:udid":"d424cf47"}}[39m
[38;5;123m[BaseDriver][0m Ignoring capability 'appium:platformName=ANDROID' and using capability 'platformName=ANDROID'
[38;5;123m[BaseDriver][0m The capabilities ["platformName"] are standard capabilities and do not require "appium:" prefix
[38;5;112m[Appium][0m Attempting to find matching driver for automationName 'uiautomator2' and platformName 'ANDROID'
[38;5;112m[Appium][0m The 'uiautomator2' driver was installed and matched caps.
[38;5;112m[Appium][0m Will require it at C:\Users\mohannad qaisy\.appium\node_modules\appium-uiautomator2-driver
[38;5;148m[AppiumDriver@97d2][0m Appium v2.11.5 creating new AndroidUiautomator2Driver (v3.8.0) session
[38;5;148m[AppiumDriver@97d2][0m Checking BaseDriver versions for Appium and AndroidUiautomator2Driver
[38;5;148m[AppiumDriver@97d2][0m Appium's BaseDriver version is 9.11.5
[38;5;148m[AppiumDriver@97d2][0m AndroidUiautomator2Driver's BaseDriver version is 9.11.5
[38;5;100m[9c1489bf][0m[38;5;-176m[AndroidUiautomator2Driver@4872][0m Session created with session id: 9c1489bf-6538-4565-b1e0-65ee833af696
[38;5;100m[9c1489bf][0m[38;5;229m[ADB][0m Found 1 'build-tools' folders under 'C:\Users\mohannad qaisy\.katalon\tools\android_sdk' (newest first):
[38;5;100m[9c1489bf][0m[38;5;229m[ADB][0m     C:\Users\mohannad qaisy\.katalon\tools\android_sdk\build-tools\29.0.3
[38;5;100m[9c1489bf][0m[38;5;229m[ADB][0m Using 'adb.exe' from 'C:\Users\mohannad qaisy\.katalon\tools\android_sdk\platform-tools\adb.exe'
[38;5;100m[9c1489bf][0m[38;5;-176m[AndroidUiautomator2Driver@4872][0m Retrieving device list
[38;5;100m[9c1489bf][0m[38;5;-176m[AndroidUiautomator2Driver@4872][0m Using device: d424cf47
[38;5;100m[9c1489bf][0m[38;5;229m[ADB][0m Using 'adb.exe' from 'C:\Users\mohannad qaisy\.katalon\tools\android_sdk\platform-tools\adb.exe'
[38;5;100m[9c1489bf][0m[38;5;123m[BaseDriver][0m Using local app 'C:\Users\mohannad qaisy\Downloads\الرسائل.apk'
[38;5;100m[9c1489bf][0m[38;5;229m[ADB][0m Getting device platform version
[38;5;100m[9c1489bf][0m[38;5;-176m[AndroidUiautomator2Driver@4872][0m Relaxing hidden api policy
[38;5;100m[9c1489bf][0m[38;5;229m[ADB][0m Using 'aapt2.exe' from 'C:\Users\mohannad qaisy\.katalon\tools\android_sdk\build-tools\29.0.3\aapt2.exe'
[38;5;100m[9c1489bf][0m[38;5;229m[ADB][0m Package name: 'com.google.android.apps.messaging'
[38;5;100m[9c1489bf][0m[38;5;229m[ADB][0m Main activity name: ''
[38;5;100m[9c1489bf][0m[38;5;-176m[AndroidUiautomator2Driver@4872][0m Server packages are not going to be (re)installed
[38;5;100m[9c1489bf][0m[38;5;229m[ADB][0m Adding packages ["io.appium.settings","io.appium.uiautomator2.server","io.appium.uiautomator2.server.test"] to Doze whitelist
[38;5;100m[9c1489bf][0m[38;5;-176m[AndroidUiautomator2Driver@4872][0m Starting UIAutomator2 server 7.0.25
[38;5;100m[9c1489bf][0m[38;5;-176m[AndroidUiautomator2Driver@4872][0m Using UIAutomator2 server from 'C:\Users\mohannad qaisy\.appium\node_modules\appium-uiautomator2-driver\node_modules\appium-uiautomator2-server\apks\appium-uiautomator2-server-v7.0.25.apk' and test from 'C:\Users\mohannad qaisy\.appium\node_modules\appium-uiautomator2-driver\node_modules\appium-uiautomator2-server\apks\appium-uiautomator2-server-debug-androidTest.apk'
[38;5;100m[9c1489bf][0m[38;5;-176m[AndroidUiautomator2Driver@4872][0m Waiting up to 30000ms for UiAutomator2 to be online...
[38;5;100m[9c1489bf][0m[38;5;-176m[AndroidUiautomator2Driver@4872][0m socket hang up
[38;5;100m[9c1489bf][0m[38;5;-176m[AndroidUiautomator2Driver@4872][0m socket hang up
[38;5;100m[9c1489bf][0m[38;5;-176m[AndroidUiautomator2Driver@4872][0m Determined the downstream protocol as 'W3C'
[38;5;100m[9c1489bf][0m[38;5;-176m[AndroidUiautomator2Driver@4872][0m Screen already unlocked, doing nothing
[38;5;100m[9c1489bf][0m[38;5;-176m[AndroidUiautomator2Driver@4872][0m Starting 'com.google.android.apps.messaging/undefined and waiting for 'com.google.android.apps.messaging/undefined'
[38;5;100m[9c1489bf][0m[38;5;-176m[AndroidUiautomator2Driver@4872][0m 'com.google.android.apps.messaging' is already running and noReset is enabled. Set forceAppLaunch capability to true if the app must be forcefully restarted on session startup.
[38;5;100m[9c1489bf][0m[38;5;148m[AppiumDriver@97d2][0m New AndroidUiautomator2Driver session created successfully, session 9c1489bf-6538-4565-b1e0-65ee833af696 added to master session list
[38;5;100m[9c1489bf][0m[38;5;86m[HTTP][0m [37m<-- POST /wd/hub/session [39m[32m200[39m [90m5991 ms - 1199[39m [90m[39m
[38;5;86m[HTTP][0m [37m-->[39m [37mGET[39m [37m/wd/hub/status[39m [90m{}[39m
[38;5;86m[HTTP][0m [37m<-- GET /wd/hub/status [39m[32m200[39m [90m2 ms - 111[39m [90m[39m
[38;5;100m[9c1489bf][0m[38;5;86m[HTTP][0m [37m-->[39m [37mPOST[39m [37m/wd/hub/session/9c1489bf-6538-4565-b1e0-65ee833af696/timeouts[39m [90m{"implicit":60000}[39m
[38;5;100m[9c1489bf][0m[38;5;86m[HTTP][0m [37m<-- POST /wd/hub/session/9c1489bf-6538-4565-b1e0-65ee833af696/timeouts [39m[32m200[39m [90m7 ms - 14[39m [90m[39m
[38;5;100m[9c1489bf][0m[38;5;86m[HTTP][0m [37m-->[39m [37mGET[39m [37m/wd/hub/session/9c1489bf-6538-4565-b1e0-65ee833af696/source[39m [90m{}[39m
[38;5;100m[9c1489bf][0m[38;5;-176m[AndroidUiautomator2Driver@4872][0m Driver proxy active, passing request on via HTTP proxy
[38;5;100m[9c1489bf][0m[38;5;-176m[AndroidUiautomator2Driver@4872][0m Replacing sessionId efafcae7-148e-4beb-9a2b-84c9c369f929 with 9c1489bf-6538-4565-b1e0-65ee833af696
[38;5;100m[9c1489bf][0m[38;5;86m[HTTP][0m [37m<-- GET /wd/hub/session/9c1489bf-6538-4565-b1e0-65ee833af696/source [39m[32m200[39m [90m287 ms - 71071[39m [90m[39m
[38;5;100m[9c1489bf][0m[38;5;86m[HTTP][0m [37m-->[39m [37mGET[39m [37m/wd/hub/session/9c1489bf-6538-4565-b1e0-65ee833af696/screenshot[39m [90m{}[39m
[38;5;100m[9c1489bf][0m[38;5;86m[HTTP][0m [37m<-- GET /wd/hub/session/9c1489bf-6538-4565-b1e0-65ee833af696/screenshot [39m[32m200[39m [90m1784 ms - 4158876[39m [90m[39m
[38;5;100m[9c1489bf][0m[38;5;86m[HTTP][0m [37m-->[39m [37mGET[39m [37m/wd/hub/session/9c1489bf-6538-4565-b1e0-65ee833af696/window/rect[39m [90m{}[39m
[38;5;100m[9c1489bf][0m[38;5;86m[HTTP][0m [37m<-- GET /wd/hub/session/9c1489bf-6538-4565-b1e0-65ee833af696/window/rect [39m[32m200[39m [90m39 ms - 50[39m [90m[39m
[38;5;100m[9c1489bf][0m[38;5;86m[HTTP][0m [37m-->[39m [37mPOST[39m [37m/wd/hub/session/9c1489bf-6538-4565-b1e0-65ee833af696/elements[39m [90m{"using":"xpath","value":"//*[@class = 'android.widget.ImageView' and @resource-id = 'com.mi.android.globallauncher:id/icon_icon' and (@text = '' or . = '')]"}[39m
[38;5;100m[9c1489bf][0m[38;5;86m[HTTP][0m [37m<-- POST /wd/hub/session/9c1489bf-6538-4565-b1e0-65ee833af696/elements [39m[32m200[39m [90m568 ms - 1931[39m [90m[39m
[38;5;100m[9c1489bf][0m[38;5;86m[HTTP][0m [37m-->[39m [37mGET[39m [37m/wd/hub/session/9c1489bf-6538-4565-b1e0-65ee833af696/element/00000000-0000-0142-ffff-ffff000008f7/rect[39m [90m{}[39m
[38;5;100m[9c1489bf][0m[38;5;-176m[AndroidUiautomator2Driver@4872][0m Driver proxy active, passing request on via HTTP proxy
[38;5;100m[9c1489bf][0m[38;5;-176m[AndroidUiautomator2Driver@4872][0m Replacing sessionId efafcae7-148e-4beb-9a2b-84c9c369f929 with 9c1489bf-6538-4565-b1e0-65ee833af696
[38;5;100m[9c1489bf][0m[38;5;86m[HTTP][0m [37m<-- GET /wd/hub/session/9c1489bf-6538-4565-b1e0-65ee833af696/element/00000000-0000-0142-ffff-ffff000008f7/rect [39m[32m200[39m [90m33 ms - 104[39m [90m[39m
[38;5;100m[9c1489bf][0m[38;5;86m[HTTP][0m [37m-->[39m [37mPOST[39m [37m/wd/hub/session/9c1489bf-6538-4565-b1e0-65ee833af696/element/00000000-0000-0142-ffff-ffff000008f7/click[39m [90m{"id":"00000000-0000-0142-ffff-ffff000008f7"}[39m
[38;5;100m[9c1489bf][0m[38;5;86m[HTTP][0m [37m<-- POST /wd/hub/session/9c1489bf-6538-4565-b1e0-65ee833af696/element/00000000-0000-0142-ffff-ffff000008f7/click [39m[32m200[39m [90m1709 ms - 14[39m [90m[39m
[38;5;100m[9c1489bf][0m[38;5;86m[HTTP][0m [37m-->[39m [37mGET[39m [37m/wd/hub/session/9c1489bf-6538-4565-b1e0-65ee833af696/source[39m [90m{}[39m
[38;5;100m[9c1489bf][0m[38;5;-176m[AndroidUiautomator2Driver@4872][0m Driver proxy active, passing request on via HTTP proxy
[38;5;100m[9c1489bf][0m[38;5;-176m[AndroidUiautomator2Driver@4872][0m Replacing sessionId efafcae7-148e-4beb-9a2b-84c9c369f929 with 9c1489bf-6538-4565-b1e0-65ee833af696
[38;5;100m[9c1489bf][0m[38;5;86m[HTTP][0m [37m<-- GET /wd/hub/session/9c1489bf-6538-4565-b1e0-65ee833af696/source [39m[32m200[39m [90m1503 ms - 28284[39m [90m[39m
[38;5;100m[9c1489bf][0m[38;5;86m[HTTP][0m [37m-->[39m [37mGET[39m [37m/wd/hub/session/9c1489bf-6538-4565-b1e0-65ee833af696/screenshot[39m [90m{}[39m
[38;5;100m[9c1489bf][0m[38;5;86m[HTTP][0m [37m<-- GET /wd/hub/session/9c1489bf-6538-4565-b1e0-65ee833af696/screenshot [39m[32m200[39m [90m333 ms - 319204[39m [90m[39m
[38;5;100m[9c1489bf][0m[38;5;86m[HTTP][0m [37m-->[39m [37mGET[39m [37m/wd/hub/session/9c1489bf-6538-4565-b1e0-65ee833af696/source[39m [90m{}[39m
[38;5;100m[9c1489bf][0m[38;5;-176m[AndroidUiautomator2Driver@4872][0m Driver proxy active, passing request on via HTTP proxy
[38;5;100m[9c1489bf][0m[38;5;-176m[AndroidUiautomator2Driver@4872][0m Replacing sessionId efafcae7-148e-4beb-9a2b-84c9c369f929 with 9c1489bf-6538-4565-b1e0-65ee833af696
[38;5;100m[9c1489bf][0m[38;5;86m[HTTP][0m [37m<-- GET /wd/hub/session/9c1489bf-6538-4565-b1e0-65ee833af696/source [39m[32m200[39m [90m210 ms - 71072[39m [90m[39m
[38;5;100m[9c1489bf][0m[38;5;86m[HTTP][0m [37m-->[39m [37mGET[39m [37m/wd/hub/session/9c1489bf-6538-4565-b1e0-65ee833af696/screenshot[39m [90m{}[39m
[38;5;100m[9c1489bf][0m[38;5;86m[HTTP][0m [37m<-- GET /wd/hub/session/9c1489bf-6538-4565-b1e0-65ee833af696/screenshot [39m[32m200[39m [90m1743 ms - 4160684[39m [90m[39m
[38;5;100m[9c1489bf][0m[38;5;86m[HTTP][0m [37m-->[39m [37mGET[39m [37m/wd/hub/session/9c1489bf-6538-4565-b1e0-65ee833af696/window/rect[39m [90m{}[39m
[38;5;100m[9c1489bf][0m[38;5;86m[HTTP][0m [37m<-- GET /wd/hub/session/9c1489bf-6538-4565-b1e0-65ee833af696/window/rect [39m[32m200[39m [90m22 ms - 50[39m [90m[39m
[38;5;100m[9c1489bf][0m[38;5;86m[HTTP][0m [37m-->[39m [37mPOST[39m [37m/wd/hub/session/9c1489bf-6538-4565-b1e0-65ee833af696/elements[39m [90m{"using":"xpath","value":"//*[@class = 'android.widget.FrameLayout' and (@text = '' or . = '')]"}[39m
[38;5;100m[9c1489bf][0m[38;5;86m[HTTP][0m [37m<-- POST /wd/hub/session/9c1489bf-6538-4565-b1e0-65ee833af696/elements [39m[32m200[39m [90m292 ms - 8715[39m [90m[39m
[38;5;100m[9c1489bf][0m[38;5;86m[HTTP][0m [37m-->[39m [37mGET[39m [37m/wd/hub/session/9c1489bf-6538-4565-b1e0-65ee833af696/element/00000000-0000-0142-ffff-ffff7ffffffe/rect[39m [90m{}[39m
[38;5;100m[9c1489bf][0m[38;5;-176m[AndroidUiautomator2Driver@4872][0m Driver proxy active, passing request on via HTTP proxy
[38;5;100m[9c1489bf][0m[38;5;-176m[AndroidUiautomator2Driver@4872][0m Replacing sessionId efafcae7-148e-4beb-9a2b-84c9c369f929 with 9c1489bf-6538-4565-b1e0-65ee833af696
[38;5;100m[9c1489bf][0m[38;5;86m[HTTP][0m [37m<-- GET /wd/hub/session/9c1489bf-6538-4565-b1e0-65ee833af696/element/00000000-0000-0142-ffff-ffff7ffffffe/rect [39m[32m200[39m [90m31 ms - 101[39m [90m[39m
[38;5;100m[9c1489bf][0m[38;5;86m[HTTP][0m [37m-->[39m [37mPOST[39m [37m/wd/hub/session/9c1489bf-6538-4565-b1e0-65ee833af696/element/00000000-0000-0142-ffff-ffff7ffffffe/click[39m [90m{"id":"00000000-0000-0142-ffff-ffff7ffffffe"}[39m
[38;5;100m[9c1489bf][0m[38;5;86m[HTTP][0m [37m<-- POST /wd/hub/session/9c1489bf-6538-4565-b1e0-65ee833af696/element/00000000-0000-0142-ffff-ffff7ffffffe/click [39m[32m200[39m [90m62 ms - 14[39m [90m[39m
[38;5;100m[9c1489bf][0m[38;5;86m[HTTP][0m [37m-->[39m [37mGET[39m [37m/wd/hub/session/9c1489bf-6538-4565-b1e0-65ee833af696/source[39m [90m{}[39m
[38;5;100m[9c1489bf][0m[38;5;-176m[AndroidUiautomator2Driver@4872][0m Driver proxy active, passing request on via HTTP proxy
[38;5;100m[9c1489bf][0m[38;5;-176m[AndroidUiautomator2Driver@4872][0m Replacing sessionId efafcae7-148e-4beb-9a2b-84c9c369f929 with 9c1489bf-6538-4565-b1e0-65ee833af696
[38;5;100m[9c1489bf][0m[38;5;86m[HTTP][0m [37m<-- GET /wd/hub/session/9c1489bf-6538-4565-b1e0-65ee833af696/source [39m[32m200[39m [90m1094 ms - 40637[39m [90m[39m
[38;5;100m[9c1489bf][0m[38;5;86m[HTTP][0m [37m-->[39m [37mGET[39m [37m/wd/hub/session/9c1489bf-6538-4565-b1e0-65ee833af696/screenshot[39m [90m{}[39m
[38;5;100m[9c1489bf][0m[38;5;86m[HTTP][0m [37m<-- GET /wd/hub/session/9c1489bf-6538-4565-b1e0-65ee833af696/screenshot [39m[32m200[39m [90m988 ms - 2262860[39m [90m[39m
[38;5;100m[9c1489bf][0m[38;5;86m[HTTP][0m [37m-->[39m [37mGET[39m [37m/wd/hub/session/9c1489bf-6538-4565-b1e0-65ee833af696/source[39m [90m{}[39m
[38;5;100m[9c1489bf][0m[38;5;-176m[AndroidUiautomator2Driver@4872][0m Driver proxy active, passing request on via HTTP proxy
[38;5;100m[9c1489bf][0m[38;5;-176m[AndroidUiautomator2Driver@4872][0m Replacing sessionId efafcae7-148e-4beb-9a2b-84c9c369f929 with 9c1489bf-6538-4565-b1e0-65ee833af696
[38;5;100m[9c1489bf][0m[38;5;86m[HTTP][0m [37m<-- GET /wd/hub/session/9c1489bf-6538-4565-b1e0-65ee833af696/source [39m[32m200[39m [90m108 ms - 27346[39m [90m[39m
[38;5;100m[9c1489bf][0m[38;5;86m[HTTP][0m [37m-->[39m [37mGET[39m [37m/wd/hub/session/9c1489bf-6538-4565-b1e0-65ee833af696/screenshot[39m [90m{}[39m
[38;5;100m[9c1489bf][0m[38;5;86m[HTTP][0m [37m<-- GET /wd/hub/session/9c1489bf-6538-4565-b1e0-65ee833af696/screenshot [39m[32m200[39m [90m1920 ms - 4494944[39m [90m[39m
[38;5;100m[9c1489bf][0m[38;5;86m[HTTP][0m [37m-->[39m [37mGET[39m [37m/wd/hub/session/9c1489bf-6538-4565-b1e0-65ee833af696/source[39m [90m{}[39m
[38;5;100m[9c1489bf][0m[38;5;-176m[AndroidUiautomator2Driver@4872][0m Driver proxy active, passing request on via HTTP proxy
[38;5;100m[9c1489bf][0m[38;5;-176m[AndroidUiautomator2Driver@4872][0m Replacing sessionId efafcae7-148e-4beb-9a2b-84c9c369f929 with 9c1489bf-6538-4565-b1e0-65ee833af696
[38;5;100m[9c1489bf][0m[38;5;86m[HTTP][0m [37m<-- GET /wd/hub/session/9c1489bf-6538-4565-b1e0-65ee833af696/source [39m[32m200[39m [90m105 ms - 27348[39m [90m[39m
[38;5;100m[9c1489bf][0m[38;5;86m[HTTP][0m [37m-->[39m [37mGET[39m [37m/wd/hub/session/9c1489bf-6538-4565-b1e0-65ee833af696/screenshot[39m [90m{}[39m
[38;5;100m[9c1489bf][0m[38;5;86m[HTTP][0m [37m<-- GET /wd/hub/session/9c1489bf-6538-4565-b1e0-65ee833af696/screenshot [39m[32m200[39m [90m1896 ms - 4493880[39m [90m[39m
[38;5;100m[9c1489bf][0m[38;5;86m[HTTP][0m [37m-->[39m [37mGET[39m [37m/wd/hub/session/9c1489bf-6538-4565-b1e0-65ee833af696/window/rect[39m [90m{}[39m
[38;5;100m[9c1489bf][0m[38;5;86m[HTTP][0m [37m<-- GET /wd/hub/session/9c1489bf-6538-4565-b1e0-65ee833af696/window/rect [39m[32m200[39m [90m12 ms - 50[39m [90m[39m
[38;5;100m[9c1489bf][0m[38;5;86m[HTTP][0m [37m-->[39m [37mPOST[39m [37m/wd/hub/session/9c1489bf-6538-4565-b1e0-65ee833af696/elements[39m [90m{"using":"xpath","value":"//*[@class = 'android.widget.ImageView' and @resource-id = 'com.mi.android.globallauncher:id/icon_icon' and (@text = '' or . = '')]"}[39m
[38;5;100m[9c1489bf][0m[38;5;86m[HTTP][0m [37m<-- POST /wd/hub/session/9c1489bf-6538-4565-b1e0-65ee833af696/elements [39m[32m200[39m [90m114 ms - 907[39m [90m[39m
[38;5;100m[9c1489bf][0m[38;5;86m[HTTP][0m [37m-->[39m [37mGET[39m [37m/wd/hub/session/9c1489bf-6538-4565-b1e0-65ee833af696/element/00000000-0000-0142-ffff-ffff00000a31/rect[39m [90m{}[39m
[38;5;100m[9c1489bf][0m[38;5;-176m[AndroidUiautomator2Driver@4872][0m Driver proxy active, passing request on via HTTP proxy
[38;5;100m[9c1489bf][0m[38;5;-176m[AndroidUiautomator2Driver@4872][0m Replacing sessionId efafcae7-148e-4beb-9a2b-84c9c369f929 with 9c1489bf-6538-4565-b1e0-65ee833af696
[38;5;100m[9c1489bf][0m[38;5;86m[HTTP][0m [37m<-- GET /wd/hub/session/9c1489bf-6538-4565-b1e0-65ee833af696/element/00000000-0000-0142-ffff-ffff00000a31/rect [39m[32m200[39m [90m46 ms - 103[39m [90m[39m
[38;5;100m[9c1489bf][0m[38;5;86m[HTTP][0m [37m-->[39m [37mPOST[39m [37m/wd/hub/session/9c1489bf-6538-4565-b1e0-65ee833af696/element/00000000-0000-0142-ffff-ffff00000a31/click[39m [90m{"id":"00000000-0000-0142-ffff-ffff00000a31"}[39m
[38;5;100m[9c1489bf][0m[38;5;86m[HTTP][0m [37m<-- POST /wd/hub/session/9c1489bf-6538-4565-b1e0-65ee833af696/element/00000000-0000-0142-ffff-ffff00000a31/click [39m[32m200[39m [90m70 ms - 14[39m [90m[39m
[38;5;100m[9c1489bf][0m[38;5;86m[HTTP][0m [37m-->[39m [37mGET[39m [37m/wd/hub/session/9c1489bf-6538-4565-b1e0-65ee833af696/source[39m [90m{}[39m
[38;5;100m[9c1489bf][0m[38;5;-176m[AndroidUiautomator2Driver@4872][0m Driver proxy active, passing request on via HTTP proxy
[38;5;100m[9c1489bf][0m[38;5;-176m[AndroidUiautomator2Driver@4872][0m Replacing sessionId efafcae7-148e-4beb-9a2b-84c9c369f929 with 9c1489bf-6538-4565-b1e0-65ee833af696
[38;5;100m[9c1489bf][0m[38;5;86m[HTTP][0m [37m<-- GET /wd/hub/session/9c1489bf-6538-4565-b1e0-65ee833af696/source [39m[32m200[39m [90m931 ms - 8765[39m [90m[39m
[38;5;100m[9c1489bf][0m[38;5;86m[HTTP][0m [37m-->[39m [37mGET[39m [37m/wd/hub/session/9c1489bf-6538-4565-b1e0-65ee833af696/screenshot[39m [90m{}[39m
[38;5;100m[9c1489bf][0m[38;5;86m[HTTP][0m [37m<-- GET /wd/hub/session/9c1489bf-6538-4565-b1e0-65ee833af696/screenshot [39m[32m200[39m [90m205 ms - 46204[39m [90m[39m
[38;5;100m[9c1489bf][0m[38;5;86m[HTTP][0m [37m-->[39m [37mGET[39m [37m/wd/hub/session/9c1489bf-6538-4565-b1e0-65ee833af696/source[39m [90m{}[39m
[38;5;100m[9c1489bf][0m[38;5;-176m[AndroidUiautomator2Driver@4872][0m Driver proxy active, passing request on via HTTP proxy
[38;5;100m[9c1489bf][0m[38;5;-176m[AndroidUiautomator2Driver@4872][0m Replacing sessionId efafcae7-148e-4beb-9a2b-84c9c369f929 with 9c1489bf-6538-4565-b1e0-65ee833af696
[38;5;100m[9c1489bf][0m[38;5;86m[HTTP][0m [37m<-- GET /wd/hub/session/9c1489bf-6538-4565-b1e0-65ee833af696/source [39m[32m200[39m [90m280 ms - 27839[39m [90m[39m
[38;5;100m[9c1489bf][0m[38;5;86m[HTTP][0m [37m-->[39m [37mGET[39m [37m/wd/hub/session/9c1489bf-6538-4565-b1e0-65ee833af696/screenshot[39m [90m{}[39m
[38;5;100m[9c1489bf][0m[38;5;86m[HTTP][0m [37m<-- GET /wd/hub/session/9c1489bf-6538-4565-b1e0-65ee833af696/screenshot [39m[32m200[39m [90m1901 ms - 4510284[39m [90m[39m
[38;5;100m[9c1489bf][0m[38;5;86m[HTTP][0m [37m-->[39m [37mGET[39m [37m/wd/hub/session/9c1489bf-6538-4565-b1e0-65ee833af696/window/rect[39m [90m{}[39m
[38;5;100m[9c1489bf][0m[38;5;86m[HTTP][0m [37m<-- GET /wd/hub/session/9c1489bf-6538-4565-b1e0-65ee833af696/window/rect [39m[32m200[39m [90m22 ms - 50[39m [90m[39m
[38;5;100m[9c1489bf][0m[38;5;86m[HTTP][0m [37m-->[39m [37mPOST[39m [37m/wd/hub/session/9c1489bf-6538-4565-b1e0-65ee833af696/elements[39m [90m{"using":"xpath","value":"//*[@class = 'android.widget.TextView' and (@text = '٢' or . = '٢') and @resource-id = 'com.mi.android.globallauncher:id/icon_msg']"}[39m
[38;5;100m[9c1489bf][0m[38;5;86m[HTTP][0m [37m<-- POST /wd/hub/session/9c1489bf-6538-4565-b1e0-65ee833af696/elements [39m[32m200[39m [90m120 ms - 139[39m [90m[39m
[38;5;100m[9c1489bf][0m[38;5;86m[HTTP][0m [37m-->[39m [37mGET[39m [37m/wd/hub/session/9c1489bf-6538-4565-b1e0-65ee833af696/element/00000000-0000-0142-ffff-ffff00001184/rect[39m [90m{}[39m
[38;5;100m[9c1489bf][0m[38;5;-176m[AndroidUiautomator2Driver@4872][0m Driver proxy active, passing request on via HTTP proxy
[38;5;100m[9c1489bf][0m[38;5;-176m[AndroidUiautomator2Driver@4872][0m Replacing sessionId efafcae7-148e-4beb-9a2b-84c9c369f929 with 9c1489bf-6538-4565-b1e0-65ee833af696
[38;5;100m[9c1489bf][0m[38;5;86m[HTTP][0m [37m<-- GET /wd/hub/session/9c1489bf-6538-4565-b1e0-65ee833af696/element/00000000-0000-0142-ffff-ffff00001184/rect [39m[32m200[39m [90m45 ms - 102[39m [90m[39m
[38;5;100m[9c1489bf][0m[38;5;86m[HTTP][0m [37m-->[39m [37mPOST[39m [37m/wd/hub/session/9c1489bf-6538-4565-b1e0-65ee833af696/element/00000000-0000-0142-ffff-ffff00001184/click[39m [90m{"id":"00000000-0000-0142-ffff-ffff00001184"}[39m
[38;5;100m[9c1489bf][0m[38;5;86m[HTTP][0m [37m<-- POST /wd/hub/session/9c1489bf-6538-4565-b1e0-65ee833af696/element/00000000-0000-0142-ffff-ffff00001184/click [39m[32m200[39m [90m49 ms - 14[39m [90m[39m
[38;5;100m[9c1489bf][0m[38;5;86m[HTTP][0m [37m-->[39m [37mGET[39m [37m/wd/hub/session/9c1489bf-6538-4565-b1e0-65ee833af696/source[39m [90m{}[39m
[38;5;100m[9c1489bf][0m[38;5;-176m[AndroidUiautomator2Driver@4872][0m Driver proxy active, passing request on via HTTP proxy
[38;5;100m[9c1489bf][0m[38;5;-176m[AndroidUiautomator2Driver@4872][0m Replacing sessionId efafcae7-148e-4beb-9a2b-84c9c369f929 with 9c1489bf-6538-4565-b1e0-65ee833af696
[38;5;100m[9c1489bf][0m[38;5;86m[HTTP][0m [37m<-- GET /wd/hub/session/9c1489bf-6538-4565-b1e0-65ee833af696/source [39m[32m200[39m [90m629 ms - 57512[39m [90m[39m
[38;5;100m[9c1489bf][0m[38;5;86m[HTTP][0m [37m-->[39m [37mGET[39m [37m/wd/hub/session/9c1489bf-6538-4565-b1e0-65ee833af696/screenshot[39m [90m{}[39m
[38;5;100m[9c1489bf][0m[38;5;86m[HTTP][0m [37m<-- GET /wd/hub/session/9c1489bf-6538-4565-b1e0-65ee833af696/screenshot [39m[32m200[39m [90m255 ms - 509508[39m [90m[39m
[38;5;100m[9c1489bf][0m[38;5;86m[HTTP][0m [37m-->[39m [37mGET[39m [37m/wd/hub/session/9c1489bf-6538-4565-b1e0-65ee833af696/window/rect[39m [90m{}[39m
[38;5;100m[9c1489bf][0m[38;5;86m[HTTP][0m [37m<-- GET /wd/hub/session/9c1489bf-6538-4565-b1e0-65ee833af696/window/rect [39m[32m200[39m [90m16 ms - 50[39m [90m[39m
[38;5;100m[9c1489bf][0m[38;5;86m[HTTP][0m [37m-->[39m [37mPOST[39m [37m/wd/hub/session/9c1489bf-6538-4565-b1e0-65ee833af696/elements[39m [90m{"using":"xpath","value":"//*[@class = 'android.widget.TextView' and (@text = '‏‪‏‪Jo-Academy‬‏‬‏' or . = '‏‪‏‪Jo-Academy‬‏‬‏') and @resource-id = 'com.google.android.apps.messaging:id/conversation_name']"}[39m
[38;5;100m[9c1489bf][0m[38;5;86m[HTTP][0m [37m<-- POST /wd/hub/session/9c1489bf-6538-4565-b1e0-65ee833af696/elements [39m[32m200[39m [90m759 ms - 139[39m [90m[39m
[38;5;100m[9c1489bf][0m[38;5;86m[HTTP][0m [37m-->[39m [37mGET[39m [37m/wd/hub/session/9c1489bf-6538-4565-b1e0-65ee833af696/element/00000000-0000-0158-ffff-ffff0000002c/rect[39m [90m{}[39m
[38;5;100m[9c1489bf][0m[38;5;-176m[AndroidUiautomator2Driver@4872][0m Driver proxy active, passing request on via HTTP proxy
[38;5;100m[9c1489bf][0m[38;5;-176m[AndroidUiautomator2Driver@4872][0m Replacing sessionId efafcae7-148e-4beb-9a2b-84c9c369f929 with 9c1489bf-6538-4565-b1e0-65ee833af696
[38;5;100m[9c1489bf][0m[38;5;86m[HTTP][0m [37m<-- GET /wd/hub/session/9c1489bf-6538-4565-b1e0-65ee833af696/element/00000000-0000-0158-ffff-ffff0000002c/rect [39m[32m200[39m [90m25 ms - 102[39m [90m[39m
[38;5;100m[9c1489bf][0m[38;5;86m[HTTP][0m [37m-->[39m [37mPOST[39m [37m/wd/hub/session/9c1489bf-6538-4565-b1e0-65ee833af696/element/00000000-0000-0158-ffff-ffff0000002c/click[39m [90m{"id":"00000000-0000-0158-ffff-ffff0000002c"}[39m
[38;5;100m[9c1489bf][0m[38;5;86m[HTTP][0m [37m<-- POST /wd/hub/session/9c1489bf-6538-4565-b1e0-65ee833af696/element/00000000-0000-0158-ffff-ffff0000002c/click [39m[32m200[39m [90m50 ms - 14[39m [90m[39m
[38;5;100m[9c1489bf][0m[38;5;86m[HTTP][0m [37m-->[39m [37mGET[39m [37m/wd/hub/session/9c1489bf-6538-4565-b1e0-65ee833af696/source[39m [90m{}[39m
[38;5;100m[9c1489bf][0m[38;5;-176m[AndroidUiautomator2Driver@4872][0m Driver proxy active, passing request on via HTTP proxy
[38;5;100m[9c1489bf][0m[38;5;-176m[AndroidUiautomator2Driver@4872][0m Replacing sessionId efafcae7-148e-4beb-9a2b-84c9c369f929 with 9c1489bf-6538-4565-b1e0-65ee833af696
[38;5;100m[9c1489bf][0m[38;5;86m[HTTP][0m [37m<-- GET /wd/hub/session/9c1489bf-6538-4565-b1e0-65ee833af696/source [39m[32m200[39m [90m237 ms - 28468[39m [90m[39m
[38;5;100m[9c1489bf][0m[38;5;86m[HTTP][0m [37m-->[39m [37mGET[39m [37m/wd/hub/session/9c1489bf-6538-4565-b1e0-65ee833af696/screenshot[39m [90m{}[39m
[38;5;100m[9c1489bf][0m[38;5;86m[HTTP][0m [37m<-- GET /wd/hub/session/9c1489bf-6538-4565-b1e0-65ee833af696/screenshot [39m[32m200[39m [90m313 ms - 289840[39m [90m[39m
[38;5;100m[9c1489bf][0m[38;5;86m[HTTP][0m [37m-->[39m [37mGET[39m [37m/wd/hub/session/9c1489bf-6538-4565-b1e0-65ee833af696/window/rect[39m [90m{}[39m
[38;5;100m[9c1489bf][0m[38;5;86m[HTTP][0m [37m<-- GET /wd/hub/session/9c1489bf-6538-4565-b1e0-65ee833af696/window/rect [39m[32m200[39m [90m16 ms - 50[39m [90m[39m
[38;5;100m[9c1489bf][0m[38;5;86m[HTTP][0m [37m-->[39m [37mPOST[39m [37m/wd/hub/session/9c1489bf-6538-4565-b1e0-65ee833af696/elements[39m [90m{"using":"xpath","value":"//*[@class = 'android.widget.TextView' and (@text = 'رمز التحقق الخاص بك هو ‏‪660189‬‏' or . = 'رمز التحقق الخاص بك هو ‏‪660189‬‏') and @resource-id = 'message_text']"}[39m
[38;5;100m[9c1489bf][0m[38;5;86m[HTTP][0m [37m<-- POST /wd/hub/session/9c1489bf-6538-4565-b1e0-65ee833af696/elements [39m[32m200[39m [90m109 ms - 139[39m [90m[39m
[38;5;100m[9c1489bf][0m[38;5;86m[HTTP][0m [37m-->[39m [37mGET[39m [37m/wd/hub/session/9c1489bf-6538-4565-b1e0-65ee833af696/element/00000000-0000-0158-0000-00e700000119/rect[39m [90m{}[39m
[38;5;100m[9c1489bf][0m[38;5;-176m[AndroidUiautomator2Driver@4872][0m Driver proxy active, passing request on via HTTP proxy
[38;5;100m[9c1489bf][0m[38;5;-176m[AndroidUiautomator2Driver@4872][0m Replacing sessionId efafcae7-148e-4beb-9a2b-84c9c369f929 with 9c1489bf-6538-4565-b1e0-65ee833af696
[38;5;100m[9c1489bf][0m[38;5;86m[HTTP][0m [37m<-- GET /wd/hub/session/9c1489bf-6538-4565-b1e0-65ee833af696/element/00000000-0000-0158-0000-00e700000119/rect [39m[32m200[39m [90m29 ms - 103[39m [90m[39m
[38;5;100m[9c1489bf][0m[38;5;86m[HTTP][0m [37m-->[39m [37mGET[39m [37m/wd/hub/session/9c1489bf-6538-4565-b1e0-65ee833af696/element/00000000-0000-0158-0000-00e700000119/text[39m [90m{}[39m
[38;5;100m[9c1489bf][0m[38;5;-176m[AndroidUiautomator2Driver@4872][0m Driver proxy active, passing request on via HTTP proxy
[38;5;100m[9c1489bf][0m[38;5;-176m[AndroidUiautomator2Driver@4872][0m Replacing sessionId efafcae7-148e-4beb-9a2b-84c9c369f929 with 9c1489bf-6538-4565-b1e0-65ee833af696
[38;5;100m[9c1489bf][0m[38;5;86m[HTTP][0m [37m<-- GET /wd/hub/session/9c1489bf-6538-4565-b1e0-65ee833af696/element/00000000-0000-0158-0000-00e700000119/text [39m[32m200[39m [90m31 ms - 122[39m [90m[39m
[38;5;100m[9c1489bf][0m[38;5;86m[HTTP][0m [37m-->[39m [37mGET[39m [37m/wd/hub/session/9c1489bf-6538-4565-b1e0-65ee833af696/source[39m [90m{}[39m
[38;5;100m[9c1489bf][0m[38;5;-176m[AndroidUiautomator2Driver@4872][0m Driver proxy active, passing request on via HTTP proxy
[38;5;100m[9c1489bf][0m[38;5;-176m[AndroidUiautomator2Driver@4872][0m Replacing sessionId efafcae7-148e-4beb-9a2b-84c9c369f929 with 9c1489bf-6538-4565-b1e0-65ee833af696
[38;5;100m[9c1489bf][0m[38;5;86m[HTTP][0m [37m<-- GET /wd/hub/session/9c1489bf-6538-4565-b1e0-65ee833af696/source [39m[32m200[39m [90m83 ms - 28468[39m [90m[39m
[38;5;100m[9c1489bf][0m[38;5;86m[HTTP][0m [37m-->[39m [37mGET[39m [37m/wd/hub/session/9c1489bf-6538-4565-b1e0-65ee833af696/screenshot[39m [90m{}[39m
[38;5;100m[9c1489bf][0m[38;5;86m[HTTP][0m [37m<-- GET /wd/hub/session/9c1489bf-6538-4565-b1e0-65ee833af696/screenshot [39m[32m200[39m [90m298 ms - 288532[39m [90m[39m
[38;5;100m[9c1489bf][0m[38;5;86m[HTTP][0m [37m-->[39m [37mDELETE[39m [37m/wd/hub/session/9c1489bf-6538-4565-b1e0-65ee833af696[39m [90m{}[39m
[38;5;100m[9c1489bf][0m[38;5;148m[AppiumDriver@97d2][0m Removing session 9c1489bf-6538-4565-b1e0-65ee833af696 from our master session list
[38;5;100m[9c1489bf][0m[38;5;-176m[AndroidUiautomator2Driver@4872][0m Restoring hidden api policy to the device default configuration
[38;5;100m[9c1489bf][0m[38;5;86m[HTTP][0m [37m<-- DELETE /wd/hub/session/9c1489bf-6538-4565-b1e0-65ee833af696 [39m[32m200[39m [90m248 ms - 14[39m [90m[39m
